12-Feb-2022 22:34:34.045 INFO [main] org.apache.catalina.startup.VersionLoggerListener.log Server version name:   Apache Tomcat/9.0.56
12-Feb-2022 22:34:34.047 INFO [main] org.apache.catalina.startup.VersionLoggerListener.log Server built:          Dec 2 2021 14:30:07 UTC
12-Feb-2022 22:34:34.047 INFO [main] org.apache.catalina.startup.VersionLoggerListener.log Server version number: 9.0.56.0
12-Feb-2022 22:34:34.047 INFO [main] org.apache.catalina.startup.VersionLoggerListener.log OS Name:               Windows 10
12-Feb-2022 22:34:34.047 INFO [main] org.apache.catalina.startup.VersionLoggerListener.log Версия ОС:             10.0
12-Feb-2022 22:34:34.050 INFO [main] org.apache.catalina.startup.VersionLoggerListener.log Архитектура:           amd64
12-Feb-2022 22:34:34.051 INFO [main] org.apache.catalina.startup.VersionLoggerListener.log Java Home:             C:\Program Files\Java\jdk1.8.0_202\jre
12-Feb-2022 22:34:34.051 INFO [main] org.apache.catalina.startup.VersionLoggerListener.log Версия JVM:            1.8.0_202-b08
12-Feb-2022 22:34:34.051 INFO [main] org.apache.catalina.startup.VersionLoggerListener.log JVM Vendor:            Oracle Corporation
12-Feb-2022 22:34:34.051 INFO [main] org.apache.catalina.startup.VersionLoggerListener.log CATALINA_BASE:         F:\final\apache-tomcat-9.0.56
12-Feb-2022 22:34:34.051 INFO [main] org.apache.catalina.startup.VersionLoggerListener.log CATALINA_HOME:         F:\final\apache-tomcat-9.0.56
12-Feb-2022 22:34:34.052 INFO [main] org.apache.catalina.startup.VersionLoggerListener.log Command line argument: -Djava.util.logging.config.file=F:\final\apache-tomcat-9.0.56\conf\logging.properties
12-Feb-2022 22:34:34.053 INFO [main] org.apache.catalina.startup.VersionLoggerListener.log Command line argument: -Djava.util.logging.manager=org.apache.juli.ClassLoaderLogManager
12-Feb-2022 22:34:34.053 INFO [main] org.apache.catalina.startup.VersionLoggerListener.log Command line argument: -Djdk.tls.ephemeralDHKeySize=2048
12-Feb-2022 22:34:34.053 INFO [main] org.apache.catalina.startup.VersionLoggerListener.log Command line argument: -Djava.protocol.handler.pkgs=org.apache.catalina.webresources
12-Feb-2022 22:34:34.053 INFO [main] org.apache.catalina.startup.VersionLoggerListener.log Command line argument: -Dignore.endorsed.dirs=
12-Feb-2022 22:34:34.054 INFO [main] org.apache.catalina.startup.VersionLoggerListener.log Command line argument: -Dcatalina.base=F:\final\apache-tomcat-9.0.56
12-Feb-2022 22:34:34.054 INFO [main] org.apache.catalina.startup.VersionLoggerListener.log Command line argument: -Dcatalina.home=F:\final\apache-tomcat-9.0.56
12-Feb-2022 22:34:34.054 INFO [main] org.apache.catalina.startup.VersionLoggerListener.log Command line argument: -Djava.io.tmpdir=F:\final\apache-tomcat-9.0.56\temp
12-Feb-2022 22:34:34.071 INFO [main] org.apache.catalina.core.AprLifecycleListener.lifecycleEvent Loaded Apache Tomcat Native library [1.2.31] using APR version [1.7.0].
12-Feb-2022 22:34:34.075 INFO [main] org.apache.catalina.core.AprLifecycleListener.lifecycleEvent APR capabilities: IPv6 [true], sendfile [true], accept filters [false], random [true], UDS [true].
12-Feb-2022 22:34:34.075 INFO [main] org.apache.catalina.core.AprLifecycleListener.lifecycleEvent APR/OpenSSL configuration: useAprConnector [false], useOpenSSL [true]
12-Feb-2022 22:34:34.085 INFO [main] org.apache.catalina.core.AprLifecycleListener.initializeSSL OpenSSL successfully initialized [OpenSSL 1.1.1l  24 Aug 2021]
12-Feb-2022 22:34:34.379 INFO [main] org.apache.coyote.AbstractProtocol.init Initializing ProtocolHandler ["http-nio-8080"]
12-Feb-2022 22:34:34.401 INFO [main] org.apache.catalina.startup.Catalina.load Server initialization in [546] milliseconds
12-Feb-2022 22:34:34.427 INFO [main] org.apache.catalina.core.StandardService.startInternal Starting service [Catalina]
12-Feb-2022 22:34:34.428 INFO [main] org.apache.catalina.core.StandardEngine.startInternal Starting Servlet engine: [Apache Tomcat/9.0.56]
12-Feb-2022 22:34:34.445 INFO [main] org.apache.catalina.startup.HostConfig.deployWAR Deploying web application archive [F:\final\apache-tomcat-9.0.56\webapps\web-app.war]
12-Feb-2022 22:34:38.954 INFO [main] org.apache.jasper.servlet.TldScanner.scanJars At least one JAR was scanned for TLDs yet contained no TLDs. Enable debug logging for this logger for a complete list of JARs that were scanned but no TLDs were found in them. Skipping unneeded JARs during scanning can improve startup time and JSP compilation time.
12-Feb-2022 22:34:39.754 WARNING [main] org.apache.catalina.util.SessionIdGeneratorBase.createSecureRandom Creation of SecureRandom instance for session ID generation using [SHA1PRNG] took [206] milliseconds.
12-Feb-2022 22:34:46.671 INFO [main] org.apache.catalina.startup.HostConfig.deployWAR Deployment of web application archive [F:\final\apache-tomcat-9.0.56\webapps\web-app.war] has finished in [12 226] ms
12-Feb-2022 22:34:46.673 INFO [main] org.apache.catalina.startup.HostConfig.deployDirectory Установка веб приложения в папку [F:\final\apache-tomcat-9.0.56\webapps\docs]
12-Feb-2022 22:34:46.691 INFO [main] org.apache.catalina.startup.HostConfig.deployDirectory Deployment of web application directory [F:\final\apache-tomcat-9.0.56\webapps\docs] has finished in [18] ms
12-Feb-2022 22:34:46.693 INFO [main] org.apache.catalina.startup.HostConfig.deployDirectory Установка веб приложения в папку [F:\final\apache-tomcat-9.0.56\webapps\examples]
12-Feb-2022 22:34:46.958 INFO [main] org.apache.catalina.startup.HostConfig.deployDirectory Deployment of web application directory [F:\final\apache-tomcat-9.0.56\webapps\examples] has finished in [265] ms
12-Feb-2022 22:34:46.960 INFO [main] org.apache.catalina.startup.HostConfig.deployDirectory Установка веб приложения в папку [F:\final\apache-tomcat-9.0.56\webapps\host-manager]
12-Feb-2022 22:34:46.987 INFO [main] org.apache.catalina.startup.HostConfig.deployDirectory Deployment of web application directory [F:\final\apache-tomcat-9.0.56\webapps\host-manager] has finished in [26] ms
12-Feb-2022 22:34:46.988 INFO [main] org.apache.catalina.startup.HostConfig.deployDirectory Установка веб приложения в папку [F:\final\apache-tomcat-9.0.56\webapps\manager]
12-Feb-2022 22:34:47.011 INFO [main] org.apache.catalina.startup.HostConfig.deployDirectory Deployment of web application directory [F:\final\apache-tomcat-9.0.56\webapps\manager] has finished in [24] ms
12-Feb-2022 22:34:47.013 INFO [main] org.apache.catalina.startup.HostConfig.deployDirectory Установка веб приложения в папку [F:\final\apache-tomcat-9.0.56\webapps\ROOT]
12-Feb-2022 22:34:47.028 INFO [main] org.apache.catalina.startup.HostConfig.deployDirectory Deployment of web application directory [F:\final\apache-tomcat-9.0.56\webapps\ROOT] has finished in [15] ms
12-Feb-2022 22:34:47.038 INFO [main] org.apache.coyote.AbstractProtocol.start Starting ProtocolHandler ["http-nio-8080"]
12-Feb-2022 22:34:47.062 INFO [main] org.apache.catalina.startup.Catalina.start Server startup in [12660] milliseconds
12-Feb-2022 22:35:59.674 INFO [main] org.apache.catalina.startup.VersionLoggerListener.log Server version name:   Apache Tomcat/9.0.56
12-Feb-2022 22:35:59.677 INFO [main] org.apache.catalina.startup.VersionLoggerListener.log Server built:          Dec 2 2021 14:30:07 UTC
12-Feb-2022 22:35:59.677 INFO [main] org.apache.catalina.startup.VersionLoggerListener.log Server version number: 9.0.56.0
12-Feb-2022 22:35:59.677 INFO [main] org.apache.catalina.startup.VersionLoggerListener.log OS Name:               Windows 10
12-Feb-2022 22:35:59.677 INFO [main] org.apache.catalina.startup.VersionLoggerListener.log Версия ОС:             10.0
12-Feb-2022 22:35:59.677 INFO [main] org.apache.catalina.startup.VersionLoggerListener.log Архитектура:           amd64
12-Feb-2022 22:35:59.677 INFO [main] org.apache.catalina.startup.VersionLoggerListener.log Java Home:             C:\Program Files\Java\jdk1.8.0_202\jre
12-Feb-2022 22:35:59.678 INFO [main] org.apache.catalina.startup.VersionLoggerListener.log Версия JVM:            1.8.0_202-b08
12-Feb-2022 22:35:59.678 INFO [main] org.apache.catalina.startup.VersionLoggerListener.log JVM Vendor:            Oracle Corporation
12-Feb-2022 22:35:59.678 INFO [main] org.apache.catalina.startup.VersionLoggerListener.log CATALINA_BASE:         F:\final\apache-tomcat-9.0.56
12-Feb-2022 22:35:59.678 INFO [main] org.apache.catalina.startup.VersionLoggerListener.log CATALINA_HOME:         F:\final\apache-tomcat-9.0.56
12-Feb-2022 22:35:59.679 INFO [main] org.apache.catalina.startup.VersionLoggerListener.log Command line argument: -Djava.util.logging.config.file=F:\final\apache-tomcat-9.0.56\conf\logging.properties
12-Feb-2022 22:35:59.679 INFO [main] org.apache.catalina.startup.VersionLoggerListener.log Command line argument: -Djava.util.logging.manager=org.apache.juli.ClassLoaderLogManager
12-Feb-2022 22:35:59.679 INFO [main] org.apache.catalina.startup.VersionLoggerListener.log Command line argument: -Djdk.tls.ephemeralDHKeySize=2048
12-Feb-2022 22:35:59.679 INFO [main] org.apache.catalina.startup.VersionLoggerListener.log Command line argument: -Djava.protocol.handler.pkgs=org.apache.catalina.webresources
12-Feb-2022 22:35:59.679 INFO [main] org.apache.catalina.startup.VersionLoggerListener.log Command line argument: -Dignore.endorsed.dirs=
12-Feb-2022 22:35:59.680 INFO [main] org.apache.catalina.startup.VersionLoggerListener.log Command line argument: -Dcatalina.base=F:\final\apache-tomcat-9.0.56
12-Feb-2022 22:35:59.680 INFO [main] org.apache.catalina.startup.VersionLoggerListener.log Command line argument: -Dcatalina.home=F:\final\apache-tomcat-9.0.56
12-Feb-2022 22:35:59.680 INFO [main] org.apache.catalina.startup.VersionLoggerListener.log Command line argument: -Djava.io.tmpdir=F:\final\apache-tomcat-9.0.56\temp
12-Feb-2022 22:35:59.683 INFO [main] org.apache.catalina.core.AprLifecycleListener.lifecycleEvent Loaded Apache Tomcat Native library [1.2.31] using APR version [1.7.0].
12-Feb-2022 22:35:59.684 INFO [main] org.apache.catalina.core.AprLifecycleListener.lifecycleEvent APR capabilities: IPv6 [true], sendfile [true], accept filters [false], random [true], UDS [true].
12-Feb-2022 22:35:59.685 INFO [main] org.apache.catalina.core.AprLifecycleListener.lifecycleEvent APR/OpenSSL configuration: useAprConnector [false], useOpenSSL [true]
12-Feb-2022 22:35:59.692 INFO [main] org.apache.catalina.core.AprLifecycleListener.initializeSSL OpenSSL successfully initialized [OpenSSL 1.1.1l  24 Aug 2021]
12-Feb-2022 22:35:59.950 INFO [main] org.apache.coyote.AbstractProtocol.init Initializing ProtocolHandler ["http-nio-8080"]
12-Feb-2022 22:35:59.960 INFO [main] org.apache.catalina.startup.Catalina.load Server initialization in [443] milliseconds
12-Feb-2022 22:35:59.992 INFO [main] org.apache.catalina.core.StandardService.startInternal Starting service [Catalina]
12-Feb-2022 22:35:59.992 INFO [main] org.apache.catalina.core.StandardEngine.startInternal Starting Servlet engine: [Apache Tomcat/9.0.56]
12-Feb-2022 22:36:00.006 INFO [main] org.apache.catalina.startup.HostConfig.deployWAR Deploying web application archive [F:\final\apache-tomcat-9.0.56\webapps\web-app.war]
12-Feb-2022 22:36:01.928 INFO [main] org.apache.jasper.servlet.TldScanner.scanJars At least one JAR was scanned for TLDs yet contained no TLDs. Enable debug logging for this logger for a complete list of JARs that were scanned but no TLDs were found in them. Skipping unneeded JARs during scanning can improve startup time and JSP compilation time.
12-Feb-2022 22:36:02.721 WARNING [main] org.apache.catalina.util.SessionIdGeneratorBase.createSecureRandom Creation of SecureRandom instance for session ID generation using [SHA1PRNG] took [184] milliseconds.
12-Feb-2022 22:36:09.572 INFO [main] org.apache.catalina.startup.HostConfig.deployWAR Deployment of web application archive [F:\final\apache-tomcat-9.0.56\webapps\web-app.war] has finished in [9 566] ms
12-Feb-2022 22:36:09.574 INFO [main] org.apache.catalina.startup.HostConfig.deployDirectory Установка веб приложения в папку [F:\final\apache-tomcat-9.0.56\webapps\docs]
12-Feb-2022 22:36:09.591 INFO [main] org.apache.catalina.startup.HostConfig.deployDirectory Deployment of web application directory [F:\final\apache-tomcat-9.0.56\webapps\docs] has finished in [18] ms
12-Feb-2022 22:36:09.592 INFO [main] org.apache.catalina.startup.HostConfig.deployDirectory Установка веб приложения в папку [F:\final\apache-tomcat-9.0.56\webapps\examples]
12-Feb-2022 22:36:09.760 INFO [main] org.apache.catalina.startup.HostConfig.deployDirectory Deployment of web application directory [F:\final\apache-tomcat-9.0.56\webapps\examples] has finished in [168] ms
12-Feb-2022 22:36:09.765 INFO [main] org.apache.catalina.startup.HostConfig.deployDirectory Установка веб приложения в папку [F:\final\apache-tomcat-9.0.56\webapps\host-manager]
12-Feb-2022 22:36:09.790 INFO [main] org.apache.catalina.startup.HostConfig.deployDirectory Deployment of web application directory [F:\final\apache-tomcat-9.0.56\webapps\host-manager] has finished in [25] ms
12-Feb-2022 22:36:09.797 INFO [main] org.apache.catalina.startup.HostConfig.deployDirectory Установка веб приложения в папку [F:\final\apache-tomcat-9.0.56\webapps\manager]
12-Feb-2022 22:36:09.818 INFO [main] org.apache.catalina.startup.HostConfig.deployDirectory Deployment of web application directory [F:\final\apache-tomcat-9.0.56\webapps\manager] has finished in [21] ms
12-Feb-2022 22:36:09.821 INFO [main] org.apache.catalina.startup.HostConfig.deployDirectory Установка веб приложения в папку [F:\final\apache-tomcat-9.0.56\webapps\ROOT]
12-Feb-2022 22:36:09.837 INFO [main] org.apache.catalina.startup.HostConfig.deployDirectory Deployment of web application directory [F:\final\apache-tomcat-9.0.56\webapps\ROOT] has finished in [16] ms
12-Feb-2022 22:36:09.842 INFO [main] org.apache.coyote.AbstractProtocol.start Starting ProtocolHandler ["http-nio-8080"]
12-Feb-2022 22:36:09.861 INFO [main] org.apache.catalina.startup.Catalina.start Server startup in [9890] milliseconds
12-Feb-2022 22:38:28.536 INFO [main] org.apache.catalina.core.StandardServer.await A valid shutdown command was received via the shutdown port. Stopping the Server instance.
12-Feb-2022 23:47:12.622 INFO [main] org.apache.catalina.startup.VersionLoggerListener.log Server version name:   Apache Tomcat/9.0.56
12-Feb-2022 23:47:12.625 INFO [main] org.apache.catalina.startup.VersionLoggerListener.log Server built:          Dec 2 2021 14:30:07 UTC
12-Feb-2022 23:47:12.625 INFO [main] org.apache.catalina.startup.VersionLoggerListener.log Server version number: 9.0.56.0
12-Feb-2022 23:47:12.625 INFO [main] org.apache.catalina.startup.VersionLoggerListener.log OS Name:               Windows 10
12-Feb-2022 23:47:12.625 INFO [main] org.apache.catalina.startup.VersionLoggerListener.log Версия ОС:             10.0
12-Feb-2022 23:47:12.626 INFO [main] org.apache.catalina.startup.VersionLoggerListener.log Архитектура:           amd64
12-Feb-2022 23:47:12.626 INFO [main] org.apache.catalina.startup.VersionLoggerListener.log Java Home:             C:\Program Files\Java\jdk1.8.0_202\jre
12-Feb-2022 23:47:12.626 INFO [main] org.apache.catalina.startup.VersionLoggerListener.log Версия JVM:            1.8.0_202-b08
12-Feb-2022 23:47:12.626 INFO [main] org.apache.catalina.startup.VersionLoggerListener.log JVM Vendor:            Oracle Corporation
12-Feb-2022 23:47:12.626 INFO [main] org.apache.catalina.startup.VersionLoggerListener.log CATALINA_BASE:         F:\final\apache-tomcat-9.0.56
12-Feb-2022 23:47:12.627 INFO [main] org.apache.catalina.startup.VersionLoggerListener.log CATALINA_HOME:         F:\final\apache-tomcat-9.0.56
12-Feb-2022 23:47:12.627 INFO [main] org.apache.catalina.startup.VersionLoggerListener.log Command line argument: -Djava.util.logging.config.file=F:\final\apache-tomcat-9.0.56\conf\logging.properties
12-Feb-2022 23:47:12.628 INFO [main] org.apache.catalina.startup.VersionLoggerListener.log Command line argument: -Djava.util.logging.manager=org.apache.juli.ClassLoaderLogManager
12-Feb-2022 23:47:12.629 INFO [main] org.apache.catalina.startup.VersionLoggerListener.log Command line argument: -Djdk.tls.ephemeralDHKeySize=2048
12-Feb-2022 23:47:12.629 INFO [main] org.apache.catalina.startup.VersionLoggerListener.log Command line argument: -Djava.protocol.handler.pkgs=org.apache.catalina.webresources
12-Feb-2022 23:47:12.629 INFO [main] org.apache.catalina.startup.VersionLoggerListener.log Command line argument: -Dignore.endorsed.dirs=
12-Feb-2022 23:47:12.629 INFO [main] org.apache.catalina.startup.VersionLoggerListener.log Command line argument: -Dcatalina.base=F:\final\apache-tomcat-9.0.56
12-Feb-2022 23:47:12.630 INFO [main] org.apache.catalina.startup.VersionLoggerListener.log Command line argument: -Dcatalina.home=F:\final\apache-tomcat-9.0.56
12-Feb-2022 23:47:12.630 INFO [main] org.apache.catalina.startup.VersionLoggerListener.log Command line argument: -Djava.io.tmpdir=F:\final\apache-tomcat-9.0.56\temp
12-Feb-2022 23:47:12.635 INFO [main] org.apache.catalina.core.AprLifecycleListener.lifecycleEvent Loaded Apache Tomcat Native library [1.2.31] using APR version [1.7.0].
12-Feb-2022 23:47:12.635 INFO [main] org.apache.catalina.core.AprLifecycleListener.lifecycleEvent APR capabilities: IPv6 [true], sendfile [true], accept filters [false], random [true], UDS [true].
12-Feb-2022 23:47:12.635 INFO [main] org.apache.catalina.core.AprLifecycleListener.lifecycleEvent APR/OpenSSL configuration: useAprConnector [false], useOpenSSL [true]
12-Feb-2022 23:47:12.640 INFO [main] org.apache.catalina.core.AprLifecycleListener.initializeSSL OpenSSL successfully initialized [OpenSSL 1.1.1l  24 Aug 2021]
12-Feb-2022 23:47:12.898 INFO [main] org.apache.coyote.AbstractProtocol.init Initializing ProtocolHandler ["http-nio-8080"]
12-Feb-2022 23:47:12.919 INFO [main] org.apache.catalina.startup.Catalina.load Server initialization in [445] milliseconds
12-Feb-2022 23:47:12.942 INFO [main] org.apache.catalina.core.StandardService.startInternal Starting service [Catalina]
12-Feb-2022 23:47:12.942 INFO [main] org.apache.catalina.core.StandardEngine.startInternal Starting Servlet engine: [Apache Tomcat/9.0.56]
12-Feb-2022 23:47:12.958 INFO [main] org.apache.catalina.startup.HostConfig.deployWAR Deploying web application archive [F:\final\apache-tomcat-9.0.56\webapps\web-app.war]
12-Feb-2022 23:47:15.155 INFO [main] org.apache.jasper.servlet.TldScanner.scanJars At least one JAR was scanned for TLDs yet contained no TLDs. Enable debug logging for this logger for a complete list of JARs that were scanned but no TLDs were found in them. Skipping unneeded JARs during scanning can improve startup time and JSP compilation time.
12-Feb-2022 23:47:15.968 WARNING [main] org.apache.catalina.util.SessionIdGeneratorBase.createSecureRandom Creation of SecureRandom instance for session ID generation using [SHA1PRNG] took [176] milliseconds.
12-Feb-2022 23:47:22.782 INFO [main] org.apache.catalina.startup.HostConfig.deployWAR Deployment of web application archive [F:\final\apache-tomcat-9.0.56\webapps\web-app.war] has finished in [9 824] ms
12-Feb-2022 23:47:22.784 INFO [main] org.apache.catalina.startup.HostConfig.deployDirectory Установка веб приложения в папку [F:\final\apache-tomcat-9.0.56\webapps\docs]
12-Feb-2022 23:47:22.799 INFO [main] org.apache.catalina.startup.HostConfig.deployDirectory Deployment of web application directory [F:\final\apache-tomcat-9.0.56\webapps\docs] has finished in [15] ms
12-Feb-2022 23:47:22.802 INFO [main] org.apache.catalina.startup.HostConfig.deployDirectory Установка веб приложения в папку [F:\final\apache-tomcat-9.0.56\webapps\examples]
12-Feb-2022 23:47:22.986 INFO [main] org.apache.catalina.startup.HostConfig.deployDirectory Deployment of web application directory [F:\final\apache-tomcat-9.0.56\webapps\examples] has finished in [186] ms
12-Feb-2022 23:47:22.987 INFO [main] org.apache.catalina.startup.HostConfig.deployDirectory Установка веб приложения в папку [F:\final\apache-tomcat-9.0.56\webapps\host-manager]
12-Feb-2022 23:47:23.011 INFO [main] org.apache.catalina.startup.HostConfig.deployDirectory Deployment of web application directory [F:\final\apache-tomcat-9.0.56\webapps\host-manager] has finished in [24] ms
12-Feb-2022 23:47:23.011 INFO [main] org.apache.catalina.startup.HostConfig.deployDirectory Установка веб приложения в папку [F:\final\apache-tomcat-9.0.56\webapps\manager]
12-Feb-2022 23:47:23.036 INFO [main] org.apache.catalina.startup.HostConfig.deployDirectory Deployment of web application directory [F:\final\apache-tomcat-9.0.56\webapps\manager] has finished in [25] ms
12-Feb-2022 23:47:23.037 INFO [main] org.apache.catalina.startup.HostConfig.deployDirectory Установка веб приложения в папку [F:\final\apache-tomcat-9.0.56\webapps\ROOT]
12-Feb-2022 23:47:23.055 INFO [main] org.apache.catalina.startup.HostConfig.deployDirectory Deployment of web application directory [F:\final\apache-tomcat-9.0.56\webapps\ROOT] has finished in [19] ms
12-Feb-2022 23:47:23.058 INFO [main] org.apache.coyote.AbstractProtocol.start Starting ProtocolHandler ["http-nio-8080"]
12-Feb-2022 23:47:23.079 INFO [main] org.apache.catalina.startup.Catalina.start Server startup in [10158] milliseconds
