09-Dec-2021 23:03:45.786 INFO [main] org.apache.catalina.startup.VersionLoggerListener.log Server version name:   Apache Tomcat/9.0.56
09-Dec-2021 23:03:45.792 INFO [main] org.apache.catalina.startup.VersionLoggerListener.log Server built:          Dec 2 2021 14:30:07 UTC
09-Dec-2021 23:03:45.792 INFO [main] org.apache.catalina.startup.VersionLoggerListener.log Server version number: 9.0.56.0
09-Dec-2021 23:03:45.792 INFO [main] org.apache.catalina.startup.VersionLoggerListener.log OS Name:               Windows 10
09-Dec-2021 23:03:45.792 INFO [main] org.apache.catalina.startup.VersionLoggerListener.log Версия ОС:             10.0
09-Dec-2021 23:03:45.792 INFO [main] org.apache.catalina.startup.VersionLoggerListener.log Архитектура:           amd64
09-Dec-2021 23:03:45.792 INFO [main] org.apache.catalina.startup.VersionLoggerListener.log Java Home:             C:\Program Files\Java\jre1.8.0_301
09-Dec-2021 23:03:45.792 INFO [main] org.apache.catalina.startup.VersionLoggerListener.log Версия JVM:            1.8.0_301-b09
09-Dec-2021 23:03:45.792 INFO [main] org.apache.catalina.startup.VersionLoggerListener.log JVM Vendor:            Oracle Corporation
09-Dec-2021 23:03:45.792 INFO [main] org.apache.catalina.startup.VersionLoggerListener.log CATALINA_BASE:         C:\Users\37529\Downloads\apache-tomcat-9.0.56-windows-x64\apache-tomcat-9.0.56
09-Dec-2021 23:03:45.792 INFO [main] org.apache.catalina.startup.VersionLoggerListener.log CATALINA_HOME:         C:\Users\37529\Downloads\apache-tomcat-9.0.56-windows-x64\apache-tomcat-9.0.56
09-Dec-2021 23:03:45.796 INFO [main] org.apache.catalina.startup.VersionLoggerListener.log Command line argument: -Djava.util.logging.config.file=C:\Users\37529\Downloads\apache-tomcat-9.0.56-windows-x64\apache-tomcat-9.0.56\conf\logging.properties
09-Dec-2021 23:03:45.796 INFO [main] org.apache.catalina.startup.VersionLoggerListener.log Command line argument: -Djava.util.logging.manager=org.apache.juli.ClassLoaderLogManager
09-Dec-2021 23:03:45.796 INFO [main] org.apache.catalina.startup.VersionLoggerListener.log Command line argument: -Djdk.tls.ephemeralDHKeySize=2048
09-Dec-2021 23:03:45.796 INFO [main] org.apache.catalina.startup.VersionLoggerListener.log Command line argument: -Djava.protocol.handler.pkgs=org.apache.catalina.webresources
09-Dec-2021 23:03:45.796 INFO [main] org.apache.catalina.startup.VersionLoggerListener.log Command line argument: -Dignore.endorsed.dirs=
09-Dec-2021 23:03:45.796 INFO [main] org.apache.catalina.startup.VersionLoggerListener.log Command line argument: -Dcatalina.base=C:\Users\37529\Downloads\apache-tomcat-9.0.56-windows-x64\apache-tomcat-9.0.56
09-Dec-2021 23:03:45.796 INFO [main] org.apache.catalina.startup.VersionLoggerListener.log Command line argument: -Dcatalina.home=C:\Users\37529\Downloads\apache-tomcat-9.0.56-windows-x64\apache-tomcat-9.0.56
09-Dec-2021 23:03:45.796 INFO [main] org.apache.catalina.startup.VersionLoggerListener.log Command line argument: -Djava.io.tmpdir=C:\Users\37529\Downloads\apache-tomcat-9.0.56-windows-x64\apache-tomcat-9.0.56\temp
09-Dec-2021 23:03:45.806 INFO [main] org.apache.catalina.core.AprLifecycleListener.lifecycleEvent Loaded Apache Tomcat Native library [1.2.31] using APR version [1.7.0].
09-Dec-2021 23:03:45.811 INFO [main] org.apache.catalina.core.AprLifecycleListener.lifecycleEvent APR capabilities: IPv6 [true], sendfile [true], accept filters [false], random [true], UDS [true].
09-Dec-2021 23:03:45.811 INFO [main] org.apache.catalina.core.AprLifecycleListener.lifecycleEvent APR/OpenSSL configuration: useAprConnector [false], useOpenSSL [true]
09-Dec-2021 23:03:45.816 INFO [main] org.apache.catalina.core.AprLifecycleListener.initializeSSL OpenSSL successfully initialized [OpenSSL 1.1.1l  24 Aug 2021]
09-Dec-2021 23:03:46.873 INFO [main] org.apache.coyote.AbstractProtocol.init Initializing ProtocolHandler ["http-nio-8080"]
09-Dec-2021 23:03:46.903 INFO [main] org.apache.catalina.startup.Catalina.load Server initialization in [1311] milliseconds
09-Dec-2021 23:03:46.943 INFO [main] org.apache.catalina.core.StandardService.startInternal Starting service [Catalina]
09-Dec-2021 23:03:46.943 INFO [main] org.apache.catalina.core.StandardEngine.startInternal Starting Servlet engine: [Apache Tomcat/9.0.56]
09-Dec-2021 23:03:46.953 INFO [main] org.apache.catalina.startup.HostConfig.deployDirectory Установка веб приложения в папку [C:\Users\37529\Downloads\apache-tomcat-9.0.56-windows-x64\apache-tomcat-9.0.56\webapps\docs]
09-Dec-2021 23:03:47.303 WARNING [main] org.apache.catalina.util.SessionIdGeneratorBase.createSecureRandom Creation of SecureRandom instance for session ID generation using [SHA1PRNG] took [164] milliseconds.
09-Dec-2021 23:03:47.323 INFO [main] org.apache.catalina.startup.HostConfig.deployDirectory Deployment of web application directory [C:\Users\37529\Downloads\apache-tomcat-9.0.56-windows-x64\apache-tomcat-9.0.56\webapps\docs] has finished in [370] ms
09-Dec-2021 23:03:47.323 INFO [main] org.apache.catalina.startup.HostConfig.deployDirectory Установка веб приложения в папку [C:\Users\37529\Downloads\apache-tomcat-9.0.56-windows-x64\apache-tomcat-9.0.56\webapps\examples]
09-Dec-2021 23:03:47.662 INFO [main] org.apache.catalina.startup.HostConfig.deployDirectory Deployment of web application directory [C:\Users\37529\Downloads\apache-tomcat-9.0.56-windows-x64\apache-tomcat-9.0.56\webapps\examples] has finished in [339] ms
09-Dec-2021 23:03:47.662 INFO [main] org.apache.catalina.startup.HostConfig.deployDirectory Установка веб приложения в папку [C:\Users\37529\Downloads\apache-tomcat-9.0.56-windows-x64\apache-tomcat-9.0.56\webapps\host-manager]
09-Dec-2021 23:03:47.692 INFO [main] org.apache.catalina.startup.HostConfig.deployDirectory Deployment of web application directory [C:\Users\37529\Downloads\apache-tomcat-9.0.56-windows-x64\apache-tomcat-9.0.56\webapps\host-manager] has finished in [30] ms
09-Dec-2021 23:03:47.692 INFO [main] org.apache.catalina.startup.HostConfig.deployDirectory Установка веб приложения в папку [C:\Users\37529\Downloads\apache-tomcat-9.0.56-windows-x64\apache-tomcat-9.0.56\webapps\manager]
09-Dec-2021 23:03:47.717 INFO [main] org.apache.catalina.startup.HostConfig.deployDirectory Deployment of web application directory [C:\Users\37529\Downloads\apache-tomcat-9.0.56-windows-x64\apache-tomcat-9.0.56\webapps\manager] has finished in [25] ms
09-Dec-2021 23:03:47.717 INFO [main] org.apache.catalina.startup.HostConfig.deployDirectory Установка веб приложения в папку [C:\Users\37529\Downloads\apache-tomcat-9.0.56-windows-x64\apache-tomcat-9.0.56\webapps\ROOT]
09-Dec-2021 23:03:47.737 INFO [main] org.apache.catalina.startup.HostConfig.deployDirectory Deployment of web application directory [C:\Users\37529\Downloads\apache-tomcat-9.0.56-windows-x64\apache-tomcat-9.0.56\webapps\ROOT] has finished in [20] ms
09-Dec-2021 23:03:47.742 INFO [main] org.apache.coyote.AbstractProtocol.start Starting ProtocolHandler ["http-nio-8080"]
09-Dec-2021 23:03:47.759 INFO [main] org.apache.catalina.startup.Catalina.start Server startup in [852] milliseconds
09-Dec-2021 23:14:05.225 INFO [main] org.apache.catalina.core.StandardServer.await A valid shutdown command was received via the shutdown port. Stopping the Server instance.
09-Dec-2021 23:14:05.245 INFO [main] org.apache.coyote.AbstractProtocol.pause Pausing ProtocolHandler ["http-nio-8080"]
09-Dec-2021 23:14:05.395 INFO [main] org.apache.catalina.core.StandardService.stopInternal Stopping service [Catalina]
09-Dec-2021 23:14:05.413 INFO [main] org.apache.coyote.AbstractProtocol.stop Stopping ProtocolHandler ["http-nio-8080"]
09-Dec-2021 23:14:05.428 INFO [main] org.apache.coyote.AbstractProtocol.destroy Destroying ProtocolHandler ["http-nio-8080"]
